<?xml version="1.0" encoding="UTF-8"?>
<coverage generated="1634833109340" clover="3.2.0">
  <project timestamp="1634833109340" name="All files">
    <metrics statements="22" coveredstatements="20" conditionals="40" coveredconditionals="37" methods="2" coveredmethods="2" elements="64" coveredelements="59" complexity="0" loc="22" ncloc="22" packages="1" files="2" classes="2"/>
    <file name="ticketPrice.js" path="E:\web-server-ex\Kiemthu\part1\ticketPrice.js">
      <metrics statements="11" coveredstatements="10" conditionals="20" coveredconditionals="19" methods="1" coveredmethods="1"/>
      <line num="2" count="13" type="cond" truecount="7" falsecount="1"/>
      <line num="3" count="0" type="stmt"/>
      <line num="5" count="13" type="stmt"/>
      <line num="6" count="13" type="cond" truecount="4" falsecount="0"/>
      <line num="7" count="2" type="stmt"/>
      <line num="9" count="13" type="cond" truecount="4" falsecount="0"/>
      <line num="10" count="2" type="stmt"/>
      <line num="12" count="13" type="cond" truecount="4" falsecount="0"/>
      <line num="13" count="11" type="stmt"/>
      <line num="15" count="13" type="stmt"/>
      <line num="18" count="1" type="stmt"/>
    </file>
    <file name="ticketPriceEquivalance.js" path="E:\web-server-ex\Kiemthu\part1\ticketPriceEquivalance.js">
      <metrics statements="11" coveredstatements="10" conditionals="20" coveredconditionals="18" methods="1" coveredmethods="1"/>
      <line num="2" count="9" type="cond" truecount="8" falsecount="0"/>
      <line num="3" count="3" type="stmt"/>
      <line num="5" count="6" type="stmt"/>
      <line num="6" count="6" type="cond" truecount="2" falsecount="2"/>
      <line num="7" count="0" type="stmt"/>
      <line num="9" count="6" type="cond" truecount="4" falsecount="0"/>
      <line num="10" count="3" type="stmt"/>
      <line num="12" count="6" type="cond" truecount="4" falsecount="0"/>
      <line num="13" count="2" type="stmt"/>
      <line num="15" count="6" type="stmt"/>
      <line num="18" count="1" type="stmt"/>
    </file>
  </project>
</coverage>
