TN:
SF:ticketPrice.js
FN:1,calculatePrice
FNF:1
FNH:1
FNDA:13,calculatePrice
DA:2,13
DA:3,0
DA:5,13
DA:6,13
DA:7,2
DA:9,13
DA:10,2
DA:12,13
DA:13,11
DA:15,13
DA:18,1
LF:11
LH:10
BRDA:2,0,0,0
BRDA:2,0,1,13
BRDA:2,1,0,13
BRDA:2,1,1,13
BRDA:2,1,2,13
BRDA:2,1,3,13
BRDA:2,1,4,13
BRDA:2,1,5,13
BRDA:6,2,0,2
BRDA:6,2,1,11
BRDA:6,3,0,13
BRDA:6,3,1,2
BRDA:9,4,0,2
BRDA:9,4,1,11
BRDA:9,5,0,13
BRDA:9,5,1,2
BRDA:12,6,0,11
BRDA:12,6,1,2
BRDA:12,7,0,13
BRDA:12,7,1,11
BRF:20
BRH:19
end_of_record
TN:
SF:ticketPriceEquivalance.js
FN:1,calculatePrice
FNF:1
FNH:1
FNDA:9,calculatePrice
DA:2,9
DA:3,3
DA:5,6
DA:6,6
DA:7,0
DA:9,6
DA:10,3
DA:12,6
DA:13,2
DA:15,6
DA:18,1
LF:11
LH:10
BRDA:2,0,0,3
BRDA:2,0,1,6
BRDA:2,1,0,9
BRDA:2,1,1,9
BRDA:2,1,2,9
BRDA:2,1,3,9
BRDA:2,1,4,9
BRDA:2,1,5,6
BRDA:6,2,0,0
BRDA:6,2,1,6
BRDA:6,3,0,6
BRDA:6,3,1,0
BRDA:9,4,0,3
BRDA:9,4,1,3
BRDA:9,5,0,6
BRDA:9,5,1,3
BRDA:12,6,0,2
BRDA:12,6,1,4
BRDA:12,7,0,6
BRDA:12,7,1,3
BRF:20
BRH:18
end_of_record
